02 Oct 2013 08:45:21 [INFO] root - =*=*=*=*=*=*=*=*=*=*=*=*=*=*=*=*=*=*=*=*=*=*
02 Oct 2013 08:45:21 [INFO] root - =*=*=*=*=*=* Application_Start =*=*=*=*=*=*
02 Oct 2013 08:45:21 [INFO] root - =*=*=*=*=*=*=*=*=*=*=*=*=*=*=*=*=*=*=*=*=*=*
02 Oct 2013 08:45:56 [INFO] Security - User hmbtest logged in to the admin module successfully.
02 Oct 2013 09:01:25 [INFO] root - =*=*=*=*=*=*=*=*=*=*=*=*=*=*=*=*=*=*=*=*=*=*
02 Oct 2013 09:01:25 [INFO] root - =*=*=*=*=*=* Application_Start =*=*=*=*=*=*
02 Oct 2013 09:01:25 [INFO] root - =*=*=*=*=*=*=*=*=*=*=*=*=*=*=*=*=*=*=*=*=*=*
02 Oct 2013 09:01:34 [INFO] Security - User test logged in to the admin module successfully. 
(Username = hmbtest)
02 Oct 2013 09:02:03 [ERROR] Errors - Exception occurred 
(Username = test)
System.Web.HttpParseException (0x80004005): The Runat attribute must have the value Server. ---> System.Web.HttpParseException (0x80004005): The Runat attribute must have the value Server. ---> System.Web.HttpException (0x80004005): The Runat attribute must have the value Server.
   at System.Web.UI.TemplateParser.ProcessError(String message)
   at System.Web.UI.TemplateParser.ProcessAttributes(String text, Match match, ParsedAttributeCollection& attribs, Boolean fDirective, String& duplicateAttribute)
   at System.Web.UI.TemplateParser.ProcessBeginTag(Match match, String inputText)
   at System.Web.UI.TemplateParser.ParseStringInternal(String text, Encoding fileEncoding)
   at System.Web.UI.TemplateParser.ProcessException(Exception ex)
   at System.Web.UI.TemplateParser.ParseStringInternal(String text, Encoding fileEncoding)
   at System.Web.UI.TemplateParser.ParseString(String text, VirtualPath virtualPath, Encoding fileEncoding)
   at System.Web.UI.TemplateParser.ParseString(String text, VirtualPath virtualPath, Encoding fileEncoding)
   at System.Web.UI.TemplateParser.ParseFile(String physicalPath, VirtualPath virtualPath)
   at System.Web.UI.TemplateParser.ParseInternal()
   at System.Web.UI.TemplateParser.Parse()
   at System.Web.Compilation.BaseTemplateBuildProvider.get_CodeCompilerType()
   at System.Web.Compilation.BuildProvider.GetCompilerTypeFromBuildProvider(BuildProvider buildProvider)
   at System.Web.Compilation.BuildProvidersCompiler.ProcessBuildProviders()
   at System.Web.Compilation.BuildProvidersCompiler.PerformBuild()
   at System.Web.Compilation.BuildManager.CompileWebFile(VirtualPath virtualPath)
   at System.Web.Compilation.BuildManager.GetVPathBuildResultInternal(VirtualPath virtualPath, Boolean noBuild, Boolean allowCrossApp, Boolean allowBuildInPrecompile, Boolean throwIfNotFound, Boolean ensureIsUpToDate)
   at System.Web.Compilation.BuildManager.GetVPathBuildResultWithNoAssert(HttpContext context, VirtualPath virtualPath, Boolean noBuild, Boolean allowCrossApp, Boolean allowBuildInPrecompile, Boolean throwIfNotFound, Boolean ensureIsUpToDate)
   at System.Web.Compilation.BuildManager.GetVirtualPathObjectFactory(VirtualPath virtualPath, HttpContext context, Boolean allowCrossApp, Boolean throwIfNotFound)
   at System.Web.Compilation.BuildManager.CreateInstanceFromVirtualPath(VirtualPath virtualPath, Type requiredBaseType, HttpContext context, Boolean allowCrossApp)
   at System.Web.UI.PageHandlerFactory.GetHandlerHelper(HttpContext context, String requestType, VirtualPath virtualPath, String physicalPath)
   at System.Web.UI.PageHandlerFactory.GetHandler(HttpContext context, String requestType, String virtualPath, String path)
   at System.Web.HttpApplication.MaterializeHandlerExecutionStep.System.Web.HttpApplication.IExecutionStep.Execute()
   at System.Web.HttpApplication.ExecuteStep(IExecutionStep step, Boolean& completedSynchronously)
02 Oct 2013 09:03:56 [ERROR] Errors - Exception occurred 
(Username = test)
System.Web.HttpParseException (0x80004005): Only Content controls are allowed directly in a content page that contains Content controls. ---> System.Web.HttpParseException (0x80004005): Only Content controls are allowed directly in a content page that contains Content controls. ---> System.Web.HttpException (0x80004005): Only Content controls are allowed directly in a content page that contains Content controls.
   at System.Web.UI.FileLevelPageControlBuilder.AppendLiteralString(String text)
   at System.Web.UI.TemplateParser.ProcessLiteral()
   at System.Web.UI.TemplateParser.ProcessException(Exception ex)
   at System.Web.UI.TemplateParser.ProcessLiteral()
   at System.Web.UI.TemplateParser.ParseStringInternal(String text, Encoding fileEncoding)
   at System.Web.UI.TemplateParser.ParseString(String text, VirtualPath virtualPath, Encoding fileEncoding)
   at System.Web.UI.TemplateParser.ParseString(String text, VirtualPath virtualPath, Encoding fileEncoding)
   at System.Web.UI.TemplateParser.ParseFile(String physicalPath, VirtualPath virtualPath)
   at System.Web.UI.TemplateParser.ParseInternal()
   at System.Web.UI.TemplateParser.Parse()
   at System.Web.Compilation.BaseTemplateBuildProvider.get_CodeCompilerType()
   at System.Web.Compilation.BuildProvider.GetCompilerTypeFromBuildProvider(BuildProvider buildProvider)
   at System.Web.Compilation.BuildProvidersCompiler.ProcessBuildProviders()
   at System.Web.Compilation.BuildProvidersCompiler.PerformBuild()
   at System.Web.Compilation.BuildManager.CompileWebFile(VirtualPath virtualPath)
   at System.Web.Compilation.BuildManager.GetVPathBuildResultInternal(VirtualPath virtualPath, Boolean noBuild, Boolean allowCrossApp, Boolean allowBuildInPrecompile, Boolean throwIfNotFound, Boolean ensureIsUpToDate)
   at System.Web.Compilation.BuildManager.GetVPathBuildResultWithNoAssert(HttpContext context, VirtualPath virtualPath, Boolean noBuild, Boolean allowCrossApp, Boolean allowBuildInPrecompile, Boolean throwIfNotFound, Boolean ensureIsUpToDate)
   at System.Web.Compilation.BuildManager.GetVirtualPathObjectFactory(VirtualPath virtualPath, HttpContext context, Boolean allowCrossApp, Boolean throwIfNotFound)
   at System.Web.Compilation.BuildManager.CreateInstanceFromVirtualPath(VirtualPath virtualPath, Type requiredBaseType, HttpContext context, Boolean allowCrossApp)
   at System.Web.UI.PageHandlerFactory.GetHandlerHelper(HttpContext context, String requestType, VirtualPath virtualPath, String physicalPath)
   at System.Web.UI.PageHandlerFactory.GetHandler(HttpContext context, String requestType, String virtualPath, String path)
   at System.Web.HttpApplication.MaterializeHandlerExecutionStep.System.Web.HttpApplication.IExecutionStep.Execute()
   at System.Web.HttpApplication.ExecuteStep(IExecutionStep step, Boolean& completedSynchronously)
02 Oct 2013 09:23:57 [INFO] root - =*=*=*=*=*=*=*=*=*=*=*=*=*=*=*=*=*=*=*=*=*=*
02 Oct 2013 09:23:57 [INFO] root - =*=*=*=*=*=* Application_Start =*=*=*=*=*=*
02 Oct 2013 09:23:57 [INFO] root - =*=*=*=*=*=*=*=*=*=*=*=*=*=*=*=*=*=*=*=*=*=*
02 Oct 2013 09:24:42 [INFO] root - =*=*=*=*=*=*=*=*=*=*=*=*=*=*=*=*=*=*=*=*=*=*
02 Oct 2013 09:24:42 [INFO] root - =*=*=*=*=*=* Application_Start =*=*=*=*=*=*
02 Oct 2013 09:24:42 [INFO] root - =*=*=*=*=*=*=*=*=*=*=*=*=*=*=*=*=*=*=*=*=*=*
02 Oct 2013 09:25:19 [INFO] Security - User test logged in to the admin module successfully. 
(Username = test)
02 Oct 2013 10:11:38 [INFO] root - =*=*=*=*=*=*=*=*=*=*=*=*=*=*=*=*=*=*=*=*=*=*
02 Oct 2013 10:11:38 [INFO] root - =*=*=*=*=*=* Application_Start =*=*=*=*=*=*
02 Oct 2013 10:11:38 [INFO] root - =*=*=*=*=*=*=*=*=*=*=*=*=*=*=*=*=*=*=*=*=*=*
02 Oct 2013 13:39:33 [INFO] root - =*=*=*=*=*=*=*=*=*=*=*=*=*=*=*=*=*=*=*=*=*=*
02 Oct 2013 13:39:33 [INFO] root - =*=*=*=*=*=* Application_Start =*=*=*=*=*=*
02 Oct 2013 13:39:33 [INFO] root - =*=*=*=*=*=*=*=*=*=*=*=*=*=*=*=*=*=*=*=*=*=*
02 Oct 2013 13:40:22 [INFO] Security - User test logged in to the admin module successfully.
02 Oct 2013 16:28:34 [INFO] root - =*=*=*=*=*=*=*=*=*=*=*=*=*=*=*=*=*=*=*=*=*=*
02 Oct 2013 16:28:34 [INFO] root - =*=*=*=*=*=* Application_Start =*=*=*=*=*=*
02 Oct 2013 16:28:34 [INFO] root - =*=*=*=*=*=*=*=*=*=*=*=*=*=*=*=*=*=*=*=*=*=*
